2026-05-06 13:52:59,670 [INFO] Fuente de datos actualizada en config: sklearn
2026-05-06 13:53:50,754 [INFO] ╔══════════════════════════════════════════════════╗
2026-05-06 13:53:50,754 [INFO] ║   CANCER DETECTION PIPELINE — INICIO 13:53:50     ║
2026-05-06 13:53:50,754 [INFO] ╚══════════════════════════════════════════════════╝
2026-05-06 13:53:50,755 [INFO] ▶  PASO 1 — Descarga del dataset
2026-05-06 13:53:51,586 [INFO] Cargando dataset Wisconsin desde sklearn.datasets …
2026-05-06 13:53:51,597 [INFO] Dataset cargado: 569 filas, 31 columnas
2026-05-06 13:53:51,607 [INFO] Dataset guardado en: data/dataset.csv
2026-05-06 13:53:51,607 [INFO] ▶  PASO 2 — Preprocesamiento
2026-05-06 13:53:51,609 [INFO] ═══════════════════════════════════════════════════════
2026-05-06 13:53:51,609 [INFO] DATA INFO
2026-05-06 13:53:51,609 [INFO] Shape : (569, 31)
2026-05-06 13:53:51,609 [INFO] Columns :
['mean radius', 'mean texture', 'mean perimeter', 'mean area', 'mean smoothness', 'mean compactness', 'mean concavity', 'mean concave points', 'mean symmetry', 'mean fractal dimension', 'radius error', 'texture error', 'perimeter error', 'area error', 'smoothness error', 'compactness error', 'concavity error', 'concave points error', 'symmetry error', 'fractal dimension error', 'worst radius', 'worst texture', 'worst perimeter', 'worst area', 'worst smoothness', 'worst compactness', 'worst concavity', 'worst concave points', 'worst symmetry', 'worst fractal dimension', 'diagnosis']
2026-05-06 13:53:51,610 [INFO] Dtypes :
mean radius                float64
mean texture               float64
mean perimeter             float64
mean area                  float64
mean smoothness            float64
mean compactness           float64
mean concavity             float64
mean concave points        float64
mean symmetry              float64
mean fractal dimension     float64
radius error               float64
texture error              float64
perimeter error            float64
area error                 float64
smoothness error           float64
compactness error          float64
concavity error            float64
concave points error       float64
symmetry error             float64
fractal dimension error    float64
worst radius               float64
worst texture              float64
worst perimeter            float64
worst area                 float64
worst smoothness           float64
worst compactness          float64
worst concavity            float64
worst concave points       float64
worst symmetry             float64
worst fractal dimension    float64
diagnosis                   object
2026-05-06 13:53:51,610 [INFO] Memory : 165.72 KB
2026-05-06 13:53:51,610 [INFO] ═══════════════════════════════════════════════════════
2026-05-06 13:53:51,622 [INFO] DATA DESCRIBE :
        mean radius  mean texture  mean perimeter    mean area  mean smoothness  mean compactness  mean concavity  mean concave points  mean symmetry  mean fractal dimension  radius error  texture error  perimeter error  area error  smoothness error  compactness error  concavity error  concave points error  symmetry error  fractal dimension error  worst radius  worst texture  worst perimeter   worst area  worst smoothness  worst compactness  worst concavity  worst concave points  worst symmetry  worst fractal dimension diagnosis
count    569.000000    569.000000      569.000000   569.000000       569.000000        569.000000      569.000000           569.000000     569.000000              569.000000    569.000000     569.000000       569.000000  569.000000        569.000000         569.000000       569.000000            569.000000      569.000000               569.000000    569.000000     569.000000       569.000000   569.000000        569.000000         569.000000       569.000000            569.000000      569.000000               569.000000       569
unique          NaN           NaN             NaN          NaN              NaN               NaN             NaN                  NaN            NaN                     NaN           NaN            NaN              NaN         NaN               NaN                NaN              NaN                   NaN             NaN                      NaN           NaN            NaN              NaN          NaN               NaN                NaN              NaN                   NaN             NaN                      NaN         2
top             NaN           NaN             NaN          NaN              NaN               NaN             NaN                  NaN            NaN                     NaN           NaN            NaN              NaN         NaN               NaN                NaN              NaN                   NaN             NaN                      NaN           NaN            NaN              NaN          NaN               NaN                NaN              NaN                   NaN             NaN                      NaN         B
freq            NaN           NaN             NaN          NaN              NaN               NaN             NaN                  NaN            NaN                     NaN           NaN            NaN              NaN         NaN               NaN                NaN              NaN                   NaN             NaN                      NaN           NaN            NaN              NaN          NaN               NaN                NaN              NaN                   NaN             NaN                      NaN       357
mean      14.127292     19.289649       91.969033   654.889104         0.096360          0.104341        0.088799             0.048919       0.181162                0.062798      0.405172       1.216853         2.866059   40.337079          0.007041           0.025478         0.031894              0.011796        0.020542                 0.003795     16.269190      25.677223       107.261213   880.583128          0.132369           0.254265         0.272188              0.114606        0.290076                 0.083946       NaN
std        3.524049      4.301036       24.298981   351.914129         0.014064          0.052813        0.079720             0.038803       0.027414                0.007060      0.277313       0.551648         2.021855   45.491006          0.003003           0.017908         0.030186              0.006170        0.008266                 0.002646      4.833242       6.146258        33.602542   569.356993          0.022832           0.157336         0.208624              0.065732        0.061867                 0.018061       NaN
min        6.981000      9.710000       43.790000   143.500000         0.052630          0.019380        0.000000             0.000000       0.106000                0.049960      0.111500       0.360200         0.757000    6.802000          0.001713           0.002252         0.000000              0.000000        0.007882                 0.000895      7.930000      12.020000        50.410000   185.200000          0.071170           0.027290         0.000000              0.000000        0.156500                 0.055040       NaN
25%       11.700000     16.170000       75.170000   420.300000         0.086370          0.064920        0.029560             0.020310       0.161900                0.057700      0.232400       0.833900         1.606000   17.850000          0.005169           0.013080         0.015090              0.007638        0.015160                 0.002248     13.010000      21.080000        84.110000   515.300000          0.116600           0.147200         0.114500              0.064930        0.250400                 0.071460       NaN
50%       13.370000     18.840000       86.240000   551.100000         0.095870          0.092630        0.061540             0.033500       0.179200                0.061540      0.324200       1.108000         2.287000   24.530000          0.006380           0.020450         0.025890              0.010930        0.018730                 0.003187     14.970000      25.410000        97.660000   686.500000          0.131300           0.211900         0.226700              0.099930        0.282200                 0.080040       NaN
75%       15.780000     21.800000      104.100000   782.700000         0.105300          0.130400        0.130700             0.074000       0.195700                0.066120      0.478900       1.474000         3.357000   45.190000          0.008146           0.032450         0.042050              0.014710        0.023480                 0.004558     18.790000      29.720000       125.400000  1084.000000          0.146000           0.339100         0.382900              0.161400        0.317900                 0.092080       NaN
max       28.110000     39.280000      188.500000  2501.000000         0.163400          0.345400        0.426800             0.201200       0.304000                0.097440      2.873000       4.885000        21.980000  542.200000          0.031130           0.135400         0.396000              0.052790        0.078950                 0.029840     36.040000      49.540000       251.200000  4254.000000          0.222600           1.058000         1.252000              0.291000        0.663800                 0.207500       NaN
2026-05-06 13:53:51,623 [INFO] VALUE COUNTS — diagnosis :
diagnosis
B    357
M    212
2026-05-06 13:53:51,623 [INFO] Columnas normalizadas.
2026-05-06 13:53:51,623 [INFO] Sin valores nulos.
2026-05-06 13:53:51,623 [INFO] Target codificado: M→1, B→0
2026-05-06 13:53:51,624 [INFO] Split — train: 455, test: 114
2026-05-06 13:53:51,625 [INFO] Normalización aplicada: standard
2026-05-06 13:53:51,625 [INFO] ▶  PASO 3 — Entrenamiento del modelo
2026-05-06 13:53:51,626 [INFO] ╔══ ENTRENAMIENTO INICIADO ══ 2026-05-06T13:53:51.626513
2026-05-06 13:53:52,915 [INFO] setup plugin alembic.autogenerate.schemas
2026-05-06 13:53:52,916 [INFO] setup plugin alembic.autogenerate.tables
2026-05-06 13:53:52,916 [INFO] setup plugin alembic.autogenerate.types
2026-05-06 13:53:52,916 [INFO] setup plugin alembic.autogenerate.constraints
2026-05-06 13:53:52,916 [INFO] setup plugin alembic.autogenerate.defaults
2026-05-06 13:53:52,916 [INFO] setup plugin alembic.autogenerate.comments
